2023-04-20 16:42:53,064 INFO o.a.j.u.JMeterUtils: Setting Locale to en_EN
2023-04-20 16:42:53,089 INFO o.a.j.JMeter: Loading user properties from: user.properties
2023-04-20 16:42:53,089 INFO o.a.j.JMeter: Loading system properties from: system.properties
2023-04-20 16:42:53,091 INFO o.a.j.JMeter: Copyright (c) 1998-2019 The Apache Software Foundation
2023-04-20 16:42:53,091 INFO o.a.j.JMeter: Version 5.2.1
2023-04-20 16:42:53,091 INFO o.a.j.JMeter: java.version=14.0.2
2023-04-20 16:42:53,091 INFO o.a.j.JMeter: java.vm.name=Java HotSpot(TM) 64-Bit Server VM
2023-04-20 16:42:53,091 INFO o.a.j.JMeter: os.name=Linux
2023-04-20 16:42:53,092 INFO o.a.j.JMeter: os.arch=amd64
2023-04-20 16:42:53,092 INFO o.a.j.JMeter: os.version=5.15.0-69-generic
2023-04-20 16:42:53,092 INFO o.a.j.JMeter: file.encoding=UTF-8
2023-04-20 16:42:53,092 INFO o.a.j.JMeter: java.awt.headless=null
2023-04-20 16:42:53,092 INFO o.a.j.JMeter: Max memory     =1073741824
2023-04-20 16:42:53,092 INFO o.a.j.JMeter: Available Processors =8
2023-04-20 16:42:53,104 INFO o.a.j.JMeter: Default Locale=English (EN)
2023-04-20 16:42:53,104 INFO o.a.j.JMeter: JMeter  Locale=English (EN)
2023-04-20 16:42:53,105 INFO o.a.j.JMeter: JMeterHome=/home/dthibau/Formations/GitlabPlatform/MyWork/delivery-service/apache-jmeter-5.2.1
2023-04-20 16:42:53,105 INFO o.a.j.JMeter: user.dir  =/home/dthibau/Formations/GitlabPlatform/MyWork/delivery-service/apache-jmeter-5.2.1/bin
2023-04-20 16:42:53,105 INFO o.a.j.JMeter: PWD       =/home/dthibau/Formations/GitlabPlatform/MyWork/delivery-service/apache-jmeter-5.2.1/bin
2023-04-20 16:42:53,105 INFO o.a.j.JMeter: IP: 127.0.1.1 Name: dthibau-XPS-13-7390 FullName: dthibau-XPS-13-7390
2023-04-20 16:42:53,343 INFO o.a.j.g.a.LookAndFeelCommand: Installing Darcula LAF
2023-04-20 16:42:53,372 INFO o.a.j.g.a.LookAndFeelCommand: Using look and feel: javax.swing.plaf.nimbus.NimbusLookAndFeel [Darcula]
2023-04-20 16:42:53,372 INFO o.a.j.JMeter: Setting LAF to: javax.swing.plaf.nimbus.NimbusLookAndFeel
2023-04-20 16:42:53,436 INFO o.a.j.JMeter: Loaded icon properties from org/apache/jmeter/images/icon.properties
2023-04-20 16:42:54,901 INFO o.a.j.p.h.s.HTTPSamplerBase: Parser for text/html is org.apache.jmeter.protocol.http.parser.LagartoBasedHtmlParser
2023-04-20 16:42:54,902 INFO o.a.j.p.h.s.HTTPSamplerBase: Parser for application/xhtml+xml is org.apache.jmeter.protocol.http.parser.LagartoBasedHtmlParser
2023-04-20 16:42:54,902 INFO o.a.j.p.h.s.HTTPSamplerBase: Parser for application/xml is org.apache.jmeter.protocol.http.parser.LagartoBasedHtmlParser
2023-04-20 16:42:54,903 INFO o.a.j.p.h.s.HTTPSamplerBase: Parser for text/xml is org.apache.jmeter.protocol.http.parser.LagartoBasedHtmlParser
2023-04-20 16:42:54,903 INFO o.a.j.p.h.s.HTTPSamplerBase: Parser for text/vnd.wap.wml is org.apache.jmeter.protocol.http.parser.RegexpHTMLParser
2023-04-20 16:42:54,903 INFO o.a.j.p.h.s.HTTPSamplerBase: Parser for text/css is org.apache.jmeter.protocol.http.parser.CssParser
2023-04-20 16:42:55,173 INFO o.a.j.e.KeyToolUtils: keytool found at 'keytool'
2023-04-20 16:42:55,174 INFO o.a.j.p.h.p.ProxyControl: HTTP(S) Test Script Recorder SSL Proxy will use keys that support embedded 3rd party resources in file /home/dthibau/Formations/GitlabPlatform/MyWork/delivery-service/apache-jmeter-5.2.1/bin/proxyserver.jks
2023-04-20 16:42:55,290 INFO o.a.j.s.FileServer: Default base='/home/dthibau/Formations/GitlabPlatform/MyWork/delivery-service/apache-jmeter-5.2.1/bin'
2023-04-20 16:42:55,605 INFO o.a.j.s.SampleResult: Note: Sample TimeStamps are START times
2023-04-20 16:42:55,605 INFO o.a.j.s.SampleResult: sampleresult.default.encoding is set to ISO-8859-1
2023-04-20 16:42:55,605 INFO o.a.j.s.SampleResult: sampleresult.useNanoTime=true
2023-04-20 16:42:55,606 INFO o.a.j.s.SampleResult: sampleresult.nanoThreadSleep=5000
2023-04-20 16:42:55,627 INFO o.a.j.v.ViewResultsFullVisualizer: Add JavaFX to your Java installation if you want to use renderer: org.apache.jmeter.visualizers.RenderInBrowser
2023-04-20 16:43:19,132 INFO o.a.j.g.a.Load: Loading file: /home/dthibau/Formations/GitlabPlatform/MyWork/delivery-service/LoadTest.jmx
2023-04-20 16:43:19,132 INFO o.a.j.s.FileServer: Set new base='/home/dthibau/Formations/GitlabPlatform/MyWork/delivery-service'
2023-04-20 16:43:19,253 INFO o.a.j.s.SaveService: Testplan (JMX) version: 2.2. Testlog (JTL) version: 2.2
2023-04-20 16:43:19,259 INFO o.a.j.s.SaveService: Using SaveService properties version 5.0
2023-04-20 16:43:19,261 INFO o.a.j.s.SaveService: Using SaveService properties file encoding UTF-8
2023-04-20 16:43:19,262 INFO o.a.j.s.SaveService: Loading file: /home/dthibau/Formations/GitlabPlatform/MyWork/delivery-service/LoadTest.jmx
2023-04-20 16:43:19,343 INFO o.a.j.v.ViewResultsFullVisualizer: Add JavaFX to your Java installation if you want to use renderer: org.apache.jmeter.visualizers.RenderInBrowser
2023-04-20 16:43:19,376 INFO o.a.j.s.FileServer: Set new base='/home/dthibau/Formations/GitlabPlatform/MyWork/delivery-service'
